Running: fuse.exe -relaunch -intstyle "ise" -incremental -o "D:/Andrei/Anul_3/Semestrul_I/Structura_Sistemelor_de_Calcul/Proiect-Interfata_pentru_un_comutator_rotativ/comutator_led-uri/demo_leduri_isim_beh.exe" -prj "D:/Andrei/Anul_3/Semestrul_I/Structura_Sistemelor_de_Calcul/Proiect-Interfata_pentru_un_comutator_rotativ/comutator_led-uri/demo_leduri_beh.prj" "work.demo_leduri" 
ISim O.87xd (signature 0xc3576ebc)
Number of CPUs detected in this system: 8
Turning on mult-threading, number of parallel sub-compilation jobs: 16 
Determining compilation order of HDL files
Parsing VHDL file "D:/Andrei/Anul_3/Semestrul_I/Structura_Sistemelor_de_Calcul/Proiect-Interfata_pentru_un_comutator_rotativ/comutator_led-uri/demo_led-uri.vhd" into library work
Starting static elaboration
Completed static elaboration
Compiling package standard
Compiling package std_logic_1164
Compiling package numeric_std
Compiling package std_logic_arith
Compiling package std_logic_unsigned
Compiling package vcomponents
Compiling architecture behavioral of entity demo_leduri
Time Resolution for simulation is 1ps.
Waiting for 1 sub-compilation(s) to finish...
Compiled 7 VHDL Units
Built simulation executable D:/Andrei/Anul_3/Semestrul_I/Structura_Sistemelor_de_Calcul/Proiect-Interfata_pentru_un_comutator_rotativ/comutator_led-uri/demo_leduri_isim_beh.exe
Fuse Memory Usage: 52792 KB
Fuse CPU Usage: 406 ms
